<?xml version="1.0" encoding="utf-8"?><testsuites name="pytest tests"><testsuite name="pytest" errors="0" failures="0" skipped="0" tests="3" time="0.058" timestamp="2026-03-17T01:04:43.730020+08:00" hostname="Mac-mini.local"><testcase classname="tests.test_p0_closed_loop.TestP0ClosedLoop" name="test_scenario_a_data_quality_loop" time="0.030" /><testcase classname="tests.test_p0_closed_loop.TestP0ClosedLoop" name="test_scenario_b_qa_gate_loop" time="0.001" /><testcase classname="tests.test_p0_closed_loop.TestP0ClosedLoop" name="test_scenario_c_data_source_health_check" time="0.004" /></testsuite></testsuites>