<?xml version="1.0" encoding="utf-8"?><testsuites name="pytest tests"><testsuite name="pytest" errors="0" failures="7" skipped="0" tests="39" time="10.511" timestamp="2026-03-17T01:00:35.892739+08:00" hostname="Mac-mini.local"><testcase classname="tests.unit.test_issue_queue_complete.TestIssueQueueComplete" name="test_init_creates_directories" time="0.001" /><testcase classname="tests.unit.test_issue_queue_complete.TestIssueQueueComplete" name="test_create_issue" time="0.001" /><testcase classname="tests.unit.test_issue_queue_complete.TestIssueQueueComplete" name="test_create_issue_auto_id" time="0.001" /><testcase classname="tests.unit.test_issue_queue_complete.TestIssueQueueComplete" name="test_write_issue" time="0.001" /><testcase classname="tests.unit.test_issue_queue_complete.TestIssueQueueComplete" name="test_read_issue" time="0.001" /><testcase classname="tests.unit.test_issue_queue_complete.TestIssueQueueComplete" name="test_read_issue_not_found" time="0.001" /><testcase classname="tests.unit.test_issue_queue_complete.TestIssueQueueComplete" name="test_get_pending_issues" time="0.001" /><testcase classname="tests.unit.test_issue_queue_complete.TestIssueQueueComplete" name="test_get_pending_issues_empty" time="0.001" /><testcase classname="tests.unit.test_issue_queue_complete.TestIssueQueueComplete" name="test_update_status_to_processing" time="0.001" /><testcase classname="tests.unit.test_issue_queue_complete.TestIssueQueueComplete" name="test_update_status_to_resolved" time="0.001" /><testcase classname="tests.unit.test_issue_queue_complete.TestIssueQueueComplete" name="test_update_status_moves_file" time="0.001" /><testcase classname="tests.unit.test_issue_queue_complete.TestIssueQueueComplete" name="test_get_issues_by_severity" time="0.001"><failure message="AttributeError: 'IssueQueue' object has no attribute 'get_issues_by_severity'">tests/unit/test_issue_queue_complete.py:205: in test_get_issues_by_severity
    p0_issues = test_queue.get_issues_by_severity('P0')
                ^^^^^^^^^^^^^^^^^^^^^^^^^^^^^^^^^
E   AttributeError: 'IssueQueue' object has no attribute 'get_issues_by_severity'</failure></testcase><testcase classname="tests.unit.test_issue_queue_complete.TestIssueQueueComplete" name="test_get_p0_issues" time="0.001"><failure message="AttributeError: 'IssueQueue' object has no attribute 'get_p0_issues'">tests/unit/test_issue_queue_complete.py:223: in test_get_p0_issues
    p0_issues = test_queue.get_p0_issues()
                ^^^^^^^^^^^^^^^^^^^^^^^^
E   AttributeError: 'IssueQueue' object has no attribute 'get_p0_issues'</failure></testcase><testcase classname="tests.unit.test_issue_queue_complete.TestIssueQueueComplete" name="test_clear_old_issues" time="0.001"><failure message="AttributeError: 'IssueQueue' object has no attribute 'clear_old_issues'">tests/unit/test_issue_queue_complete.py:251: in test_clear_old_issues
    test_queue.clear_old_issues(days=30)
    ^^^^^^^^^^^^^^^^^^^^^^^^^^^
E   AttributeError: 'IssueQueue' object has no attribute 'clear_old_issues'</failure></testcase><testcase classname="tests.unit.test_issue_queue_complete.TestIssueQueueComplete" name="test_issue_with_all_fields" time="0.001" /><testcase classname="tests.unit.test_manager_interface.TestQuantManager" name="test_init" time="0.002" /><testcase classname="tests.unit.test_manager_interface.TestQuantManager" name="test_analyze_error_by_rules" time="0.001" /><testcase classname="tests.unit.test_manager_interface.TestQuantManager" name="test_select_agent" time="0.000" /><testcase classname="tests.unit.test_manager_interface.TestQuantManager" name="test_handle_p0" time="0.003" /><testcase classname="tests.unit.test_manager_interface.TestQuantManager" name="test_handle_p1" time="0.003" /><testcase classname="tests.unit.test_manager_interface.TestQuantManager" name="test_handle_p2" time="0.001" /><testcase classname="tests.unit.test_manager_interface.TestQuantManager" name="test_get_status" time="0.001" /><testcase classname="tests.unit.test_manager_interface.TestQuantManager" name="test_handle_error_report" time="0.001"><failure message="TypeError: IssueQueue.update_status() got an unexpected keyword argument 'timeout_minutes'">tests/unit/test_manager_interface.py:107: in test_handle_error_report
    task = manager.handle_error_report(sample_issue)
           ^^^^^^^^^^^^^^^^^^^^^^^^^^^^^^^^^^^^^^^^^
manager_interface.py:64: in handle_error_report
    self.issue_queue.update_status(
E   TypeError: IssueQueue.update_status() got an unexpected keyword argument 'timeout_minutes'</failure></testcase><testcase classname="tests.unit.test_manager_interface.TestQuantManager" name="test_analyze_error_glm_fallback" time="0.001" /><testcase classname="tests.unit.test_manager_interface.TestIssueQueue" name="test_init" time="0.000" /><testcase classname="tests.unit.test_manager_interface.TestIssueQueue" name="test_create_issue" time="0.000" /><testcase classname="tests.unit.test_manager_interface.TestIssueQueue" name="test_create_and_write_issue" time="0.001" /><testcase classname="tests.unit.test_manager_interface.TestIssueQueue" name="test_write_issue" time="0.001" /><testcase classname="tests.unit.test_manager_interface.TestIssueQueue" name="test_update_status" time="0.001" /><testcase classname="tests.unit.test_manager_interface.TestIssueQueue" name="test_get_pending_issues" time="0.001" /><testcase classname="tests.unit.test_manager_interface.TestIssueQueue" name="test_archive_issue" time="0.001" /><testcase classname="tests.unit.test_manager_interface.TestGLMErrorAnalyzer" name="test_init" time="0.000" /><testcase classname="tests.unit.test_manager_interface.TestGLMErrorAnalyzer" name="test_analyze" time="10.363" /><testcase classname="tests.unit.test_manager_interface.TestQuantManagerAdvanced" name="test_handle_error_report_p0" time="0.005"><failure message="TypeError: IssueQueue.update_status() got an unexpected keyword argument 'timeout_minutes'">tests/unit/test_manager_interface.py:266: in test_handle_error_report_p0
    task = manager.handle_error_report(sample_issue)
           ^^^^^^^^^^^^^^^^^^^^^^^^^^^^^^^^^^^^^^^^^
manager_interface.py:64: in handle_error_report
    self.issue_queue.update_status(
E   TypeError: IssueQueue.update_status() got an unexpected keyword argument 'timeout_minutes'</failure></testcase><testcase classname="tests.unit.test_manager_interface.TestQuantManagerAdvanced" name="test_handle_error_report_p1" time="0.002"><failure message="TypeError: IssueQueue.update_status() got an unexpected keyword argument 'timeout_minutes'">tests/unit/test_manager_interface.py:273: in test_handle_error_report_p1
    task = manager.handle_error_report(sample_issue)
           ^^^^^^^^^^^^^^^^^^^^^^^^^^^^^^^^^^^^^^^^^
manager_interface.py:64: in handle_error_report
    self.issue_queue.update_status(
E   TypeError: IssueQueue.update_status() got an unexpected keyword argument 'timeout_minutes'</failure></testcase><testcase classname="tests.unit.test_manager_interface.TestQuantManagerAdvanced" name="test_handle_error_report_p2" time="0.001"><failure message="TypeError: IssueQueue.update_status() got an unexpected keyword argument 'timeout_minutes'">tests/unit/test_manager_interface.py:279: in test_handle_error_report_p2
    task = manager.handle_error_report(sample_issue)
           ^^^^^^^^^^^^^^^^^^^^^^^^^^^^^^^^^^^^^^^^^
manager_interface.py:64: in handle_error_report
    self.issue_queue.update_status(
E   TypeError: IssueQueue.update_status() got an unexpected keyword argument 'timeout_minutes'</failure></testcase><testcase classname="tests.unit.test_manager_interface.TestQuantManagerAdvanced" name="test_select_agent_all_types" time="0.001" /><testcase classname="tests.unit.test_manager_interface.TestQuantManagerAdvanced" name="test_analyze_error_low_confidence" time="0.001" /><testcase classname="tests.unit.test_manager_interface.TestQuantManagerAdvanced" name="test_get_status_with_active_tasks" time="0.001" /></testsuite></testsuites>